<?xml version="1.0" encoding="UTF-8"?>
<!-- Generated by org.testng.reporters.JUnitReportReporter -->
<testsuite hostname="DESKTOP-5JOCHJR" failures="0" tests="1" name="sumit.DemoMaven" time="181.792" errors="0" timestamp="2021-10-03T23:18:40 IST" skipped="0">
  <testcase classname="sumit.DemoMaven" name="verifyListOfCoursesWhenHoveredOnCoursesTab" time="181.792"/>
  <system-out/>
</testsuite> <!-- sumit.DemoMaven -->
