<?xml version="1.0" encoding="UTF-8"?>
<!-- Generated by org.testng.reporters.JUnitReportReporter -->
<testsuite skipped="1" hostname="DESKTOP-5JOCHJR" name="parameterations.TestParametersDemo" tests="13" failures="0" timestamp="2022-02-02T17:12:47 IST" time="6.170" errors="0">
  <testcase name="m3" time="0.021" classname="parameterations.TestParametersDemo"/>
  <system-out/>
  <testcase name="m2" time="0.004" classname="parameterations.TestParametersDemo"/>
  <system-out/>
  <testcase name="m7" time="0.008" classname="parameterations.TestParametersDemo"/>
  <system-out/>
  <testcase name="m7" time="0.007" classname="parameterations.TestParametersDemo"/>
  <system-out/>
  <testcase name="m6" time="1.023" classname="parameterations.TestParametersDemo"/>
  <system-out/>
  <testcase name="m4" time="0.004" classname="parameterations.TestParametersDemo"/>
  <system-out/>
  <testcase name="m6" time="1.020" classname="parameterations.TestParametersDemo"/>
  <system-out/>
  <testcase name="m5" time="3.042" classname="parameterations.TestParametersDemo"/>
  <system-out/>
  <testcase name="m4" time="0.004" classname="parameterations.TestParametersDemo"/>
  <system-out/>
  <testcase name="m7" time="0.008" classname="parameterations.TestParametersDemo"/>
  <system-out/>
  <testcase name="m7" time="0.009" classname="parameterations.TestParametersDemo"/>
  <system-out/>
  <testcase name="m6" time="1.020" classname="parameterations.TestParametersDemo"/>
  <system-out/>
  <testcase name="m1" classname="parameterations.TestParametersDemo">
    <skipped/>
  </testcase> <!-- m1 -->
  <system-out/>
</testsuite> <!-- parameterations.TestParametersDemo -->
