<?xml version="1.0" encoding="UTF-8"?>
<!-- Generated by org.testng.reporters.JUnitReportReporter -->
<testsuite skipped="0" hostname="DESKTOP-5JOCHJR" name="parameterations.SuccessPer1" tests="2" failures="0" timestamp="2022-02-02T17:13:20 IST" time="0.006" errors="0">
  <testcase name="m11" time="0.003" classname="parameterations.SuccessPer1"/>
  <system-out/>
  <testcase name="m11" time="0.003" classname="parameterations.SuccessPer1"/>
  <system-out/>
</testsuite> <!-- parameterations.SuccessPer1 -->
