<?xml version="1.0" encoding="UTF-8"?>
<!-- Generated by org.testng.reporters.JUnitReportReporter -->
<testsuite skipped="0" hostname="DESKTOP-5JOCHJR" name="com.dataproviderdemo.FirstDataProvider" tests="9" failures="0" timestamp="2022-02-02T17:05:47 IST" time="0.086" errors="0">
  <testcase name="tc_1" time="0.060" classname="com.dataproviderdemo.FirstDataProvider"/>
  <system-out/>
  <testcase name="tc_3" time="0.002" classname="com.dataproviderdemo.FirstDataProvider"/>
  <system-out/>
  <testcase name="tc_1" time="0.004" classname="com.dataproviderdemo.FirstDataProvider"/>
  <system-out/>
  <testcase name="tc_3" time="0.003" classname="com.dataproviderdemo.FirstDataProvider"/>
  <system-out/>
  <testcase name="tc_1" time="0.003" classname="com.dataproviderdemo.FirstDataProvider"/>
  <system-out/>
  <testcase name="tc_3" time="0.004" classname="com.dataproviderdemo.FirstDataProvider"/>
  <system-out/>
  <testcase name="tc_1" time="0.005" classname="com.dataproviderdemo.FirstDataProvider"/>
  <system-out/>
  <testcase name="tc_3" time="0.003" classname="com.dataproviderdemo.FirstDataProvider"/>
  <system-out/>
  <testcase name="tc_3" time="0.002" classname="com.dataproviderdemo.FirstDataProvider"/>
  <system-out/>
</testsuite> <!-- com.dataproviderdemo.FirstDataProvider -->
