<?xml version="1.0" encoding="UTF-8"?>
<!-- Generated by org.testng.reporters.JUnitReportReporter -->
<testsuite hostname="DESKTOP-5JOCHJR" failures="0" tests="2" name="sumit.Llll" time="129.026" errors="0" timestamp="2021-10-03T23:18:40 IST" skipped="0">
  <testcase classname="sumit.Llll" name="verifyUserRedirectsOnRecentPlacementPageWhileClicked" time="112.130"/>
  <system-out/>
  <testcase classname="sumit.Llll" name="verifyListOfCoursesWhenHoveredOnCoursesTab" time="16.896"/>
  <system-out/>
</testsuite> <!-- sumit.Llll -->
