<?xml version="1.0" encoding="UTF-8"?>
<!-- Generated by org.testng.reporters.JUnitReportReporter -->
<testsuite skipped="0" hostname="DESKTOP-5JOCHJR" name="sumit.Flipkart" tests="1" failures="0" timestamp="2022-02-02T17:42:32 IST" time="15.777" errors="0">
  <testcase name="verifyAsendingOrderByPrice" time="15.777" classname="sumit.Flipkart"/>
  <system-out/>
</testsuite> <!-- sumit.Flipkart -->
